<?xml version="1.0" encoding="UTF-8"?>
<!-- Generated by org.testng.reporters.JUnitReportReporter -->
<testsuite skipped="0" hostname="Satyadipons-MacBook-Air.local" name="tests.Test_A" tests="1" failures="0" timestamp="03 Aug 2020 03:49:49 GMT" time="7.447" errors="0">
  <testcase name="test" time="7.447" classname="tests.Test_A"/>
</testsuite> <!-- tests.Test_A -->
